=== upload 11:46:37 action=step1 ===
fichier_diplome_upload: error=0 tmp=C:\wamp64\tmp\phpA13D.tmp size=2470508
  → SUCCÈS: vac_V045448_fichier_diplome_1777895197.pdf
fichier_nomination_upload: error=0 tmp=C:\wamp64\tmp\phpA14D.tmp size=2470508
  → SUCCÈS: vac_V045448_fichier_nomination_1777895197.pdf
=== upload 11:49:36 action=step1 ===
fichier_diplome_upload: error=0 tmp=C:\wamp64\tmp\php5FD2.tmp size=2470508
  → SUCCÈS: vac_V045448_fichier_diplome_1777895376.pdf
fichier_nomination_upload: error=0 tmp=C:\wamp64\tmp\php5FE3.tmp size=2470508
  → SUCCÈS: vac_V045448_fichier_nomination_1777895376.pdf
=== upload 11:50:04 action=step1 ===
fichier_diplome_upload: error=0 tmp=C:\wamp64\tmp\phpCD15.tmp size=2470508
  → SUCCÈS: vac_V045448_fichier_diplome_1777895404.pdf
fichier_nomination_upload: error=0 tmp=C:\wamp64\tmp\phpCD26.tmp size=2470508
  → SUCCÈS: vac_V045448_fichier_nomination_1777895404.pdf
=== submit 11:50:08 ===
POST[fichier_diplome]=[vac_V045448_fichier_diplome_1777895404.pdf]
POST[fichier_nomination]=[vac_V045448_fichier_nomination_1777895404.pdf]
=== upload 11:53:03 action=step1 ===
fichier_diplome_upload: error=0 tmp=C:\wamp64\tmp\php85FD.tmp size=2470508
  → SUCCÈS: vac_V045448_fichier_diplome_1777895583.pdf
fichier_nomination_upload: error=0 tmp=C:\wamp64\tmp\php85FE.tmp size=2470508
  → SUCCÈS: vac_V045448_fichier_nomination_1777895583.pdf
=== submit 11:53:06 ===
POST[fichier_diplome]=[vac_V045448_fichier_diplome_1777895583.pdf]
POST[fichier_nomination]=[vac_V045448_fichier_nomination_1777895583.pdf]
=== upsert 11:53:06
fichier_diplome=[]
fichier_nomination=[]
matricule=[V045448]
